#
# A fatal error has been detected by the Java Runtime Environment:
#
#  EXCEPTION_ACCESS_VIOLATION (0xc0000005) at pc=0x000000006ae288b0, pid=6560, tid=4300
#
# JRE version: 7.0_04-b22
# Java VM: Java HotSpot(TM) 64-Bit Server VM (23.0-b21 mixed mode windows-amd64 compressed oops)
# Problematic frame:
# C  [awt.dll+0xb88b0]  Java_sun_awt_Win32GraphicsEnvironment_isVistaOS+0xa40
#
# Failed to write core dump. Minidumps are not enabled by default on client versions of Windows
#
# If you would like to submit a bug report, please visit:
#   http://bugreport.sun.com/bugreport/crash.jsp
# The crash happened outside the Java Virtual Machine in native code.
# See problematic frame for where to report the bug.
#

---------------  T H R E A D  ---------------

Current thread (0x000000000e07f000):  JavaThread "AWT-EventQueue-0" [_thread_in_native, id=4300, stack(0x000000000ebb0000,0x000000000ecb0000)]

siginfo: ExceptionCode=0xc0000005, reading address 0x0000000000000008

Registers:
RAX=0x000000000000000d, RBX=0x000000000e07f1d8, RCX=0x0000000000000000, RDX=0x00000000b8012b28
RSP=0x000000000ecad468, RBP=0x000000000e07f1d8, RSI=0x000000000e0b51c0, RDI=0x00000000108ac8b0
R8 =0x000000000ecad428, R9 =0x0000000000000005, R10=0x0000000000000000, R11=0x000000000ecad468
R12=0x00000000b8012b28, R13=0x0000000000000000, R14=0x000000000ecadbf8, R15=0x000000000e07f000
RIP=0x000000006ae288b0, EFLAGS=0x0000000000010206

Top of Stack: (sp=0x000000000ecad468)
0x000000000ecad468:   000000006ade9589 0000000000000000
0x000000000ecad478:   000000000e07f1d8 000000000e07f1d8
0x000000000ecad488:   000000000e0b51c0 0000000000000000
0x000000000ecad498:   000000000e0b51c0 000000000ecadbe8
0x000000000ecad4a8:   000000006adca6a1 000000000e07f1d8
0x000000000ecad4b8:   0000000000000000 000000000ecad501
0x000000000ecad4c8:   000000000000008c 000000000df8e260
0x000000000ecad4d8:   000000006ade627a 000000000ecadbe8
0x000000000ecad4e8:   000000000ecad5e0 000000000e07f1d8
0x000000000ecad4f8:   00000000d79f8360 00000000d8884df0
0x000000000ecad508:   000000000ecad508 0000000081f073ee
0x000000000ecad518:   000000000ecad5b8 0000000081f0a9d8
0x000000000ecad528:   0000000000000000 0000000081f07400
0x000000000ecad538:   0000000000000000 000000000ecad598
0x000000000ecad548:   000000000ecad600 0000000002b461f8
0x000000000ecad558:   000000000ecadbe0 000000000e07f1d8 

Instructions: (pc=0x000000006ae288b0)
0x000000006ae28890:   5e 41 5d 41 5c 5f c3 cc 48 8b 41 08 48 05 00 04
0x000000006ae288a0:   00 00 c3 cc 48 8b 41 08 48 8b 80 18 0c 00 00 c3
0x000000006ae288b0:   48 8b 49 08 48 85 c9 74 05 e9 da 6e fe ff 33 c0
0x000000006ae288c0:   c3 cc cc cc 48 83 ec 28 48 8b 49 08 48 85 c9 74 


Register to memory mapping:

RAX=0x000000000000000d is an unknown value
RBX=0x000000000e07f1d8 is an unknown value
RCX=0x0000000000000000 is an unknown value
RDX=0x00000000b8012b28 is an unknown value
RSP=0x000000000ecad468 is pointing into the stack for thread: 0x000000000e07f000
RBP=0x000000000e07f1d8 is an unknown value
RSI=0x000000000e0b51c0 is an unknown value
RDI=0x00000000108ac8b0 is an unknown value
R8 =0x000000000ecad428 is pointing into the stack for thread: 0x000000000e07f000
R9 =0x0000000000000005 is an unknown value
R10=0x0000000000000000 is an unknown value
R11=0x000000000ecad468 is pointing into the stack for thread: 0x000000000e07f000
R12=0x00000000b8012b28 is an unknown value
R13=0x0000000000000000 is an unknown value
R14=0x000000000ecadbf8 is pointing into the stack for thread: 0x000000000e07f000
R15=0x000000000e07f000 is a thread


Stack: [0x000000000ebb0000,0x000000000ecb0000],  sp=0x000000000ecad468,  free space=1013k
Native frames: (J=compiled Java code, j=interpreted, Vv=VM code, C=native code)
C  [awt.dll+0xb88b0]  Java_sun_awt_Win32GraphicsEnvironment_isVistaOS+0xa40

Java frames: (J=compiled Java code, j=interpreted, Vv=VM code)
j  sun.java2d.windows.GDIBlitLoops.nativeBlit(Lsun/java2d/SurfaceData;Lsun/java2d/SurfaceData;Lsun/java2d/pipe/Region;IIIIIIIIIZ)V+0
j  sun.java2d.windows.GDIBlitLoops.Blit(Lsun/java2d/SurfaceData;Lsun/java2d/SurfaceData;Ljava/awt/Composite;Lsun/java2d/pipe/Region;IIIIII)V+33
j  sun.java2d.pipe.DrawImage.blitSurfaceData(Lsun/java2d/SunGraphics2D;Lsun/java2d/pipe/Region;Lsun/java2d/SurfaceData;Lsun/java2d/SurfaceData;Lsun/java2d/loops/SurfaceType;Lsun/java2d/loops/SurfaceType;IIIIIILjava/awt/Color;)V+97
j  sun.java2d.pipe.DrawImage.renderImageCopy(Lsun/java2d/SunGraphics2D;Ljava/awt/Image;Ljava/awt/Color;IIIIII)Z+77
j  sun.java2d.pipe.DrawImage.copyImage(Lsun/java2d/SunGraphics2D;Ljava/awt/Image;IILjava/awt/Color;)Z+45
j  sun.java2d.pipe.DrawImage.copyImage(Lsun/java2d/SunGraphics2D;Ljava/awt/Image;IILjava/awt/Color;Ljava/awt/image/ImageObserver;)Z+15
j  sun.java2d.pipe.ValidatePipe.copyImage(Lsun/java2d/SunGraphics2D;Ljava/awt/Image;IILjava/awt/Color;Ljava/awt/image/ImageObserver;)Z+21
j  sun.java2d.SunGraphics2D.drawImage(Ljava/awt/Image;IILjava/awt/Color;Ljava/awt/image/ImageObserver;)Z+18
j  sun.java2d.SunGraphics2D.drawImage(Ljava/awt/Image;IILjava/awt/image/ImageObserver;)Z+7
j  javax.swing.RepaintManager$PaintManager.paintDoubleBuffered(Ljavax/swing/JComponent;Ljava/awt/Image;Ljava/awt/Graphics;IIII)V+127
j  javax.swing.RepaintManager$PaintManager.paint(Ljavax/swing/JComponent;Ljavax/swing/JComponent;Ljava/awt/Graphics;IIII)Z+116
j  javax.swing.RepaintManager.paint(Ljavax/swing/JComponent;Ljavax/swing/JComponent;Ljava/awt/Graphics;IIII)V+52
j  javax.swing.JComponent.paint(Ljava/awt/Graphics;)V+221
j  java.awt.GraphicsCallback$PaintCallback.run(Ljava/awt/Component;Ljava/awt/Graphics;)V+2
j  sun.awt.SunGraphicsCallback.runOneComponent(Ljava/awt/Component;Ljava/awt/Rectangle;Ljava/awt/Graphics;Ljava/awt/Shape;I)V+155
j  sun.awt.SunGraphicsCallback.runComponents([Ljava/awt/Component;Ljava/awt/Graphics;I)V+194
j  java.awt.Container.paint(Ljava/awt/Graphics;)V+58
j  java.awt.Window.paint(Ljava/awt/Graphics;)V+68
j  javax.swing.RepaintManager.paintDirtyRegions(Ljava/util/Map;)V+239
j  javax.swing.RepaintManager.paintDirtyRegions()V+46
j  javax.swing.RepaintManager.prePaintDirtyRegions()V+73
j  javax.swing.RepaintManager.access$700(Ljavax/swing/RepaintManager;)V+1
j  javax.swing.RepaintManager$ProcessingRunnable.run()V+37
j  java.awt.event.InvocationEvent.dispatch()V+47
j  java.awt.EventQueue.dispatchEventImpl(Ljava/awt/AWTEvent;Ljava/lang/Object;)V+21
j  java.awt.EventQueue.access$000(Ljava/awt/EventQueue;Ljava/awt/AWTEvent;Ljava/lang/Object;)V+3
j  java.awt.EventQueue$3.run()Ljava/lang/Void;+12
j  java.awt.EventQueue$3.run()Ljava/lang/Object;+1
v  ~StubRoutines::call_stub
j  java.security.AccessController.doPrivileged(Ljava/security/PrivilegedAction;Ljava/security/AccessControlContext;)Ljava/lang/Object;+0
j  java.security.ProtectionDomain$1.doIntersectionPrivilege(Ljava/security/PrivilegedAction;Ljava/security/AccessControlContext;Ljava/security/AccessControlContext;)Ljava/lang/Object;+28
j  java.awt.EventQueue.dispatchEvent(Ljava/awt/AWTEvent;)V+46
j  java.awt.EventDispatchThread.pumpOneEventForFilters(I)V+245
j  java.awt.EventDispatchThread.pumpEventsForFilter(ILjava/awt/Conditional;Ljava/awt/EventFilter;)V+48
j  java.awt.EventDispatchThread.pumpEventsForHierarchy(ILjava/awt/Conditional;Ljava/awt/Component;)V+11
j  java.awt.EventDispatchThread.pumpEvents(ILjava/awt/Conditional;)V+4
j  java.awt.EventDispatchThread.pumpEvents(Ljava/awt/Conditional;)V+3
j  java.awt.EventDispatchThread.run()V+9
v  ~StubRoutines::call_stub

---------------  P R O C E S S  ---------------

Java Threads: ( => current thread )
  0x000000000274d800 JavaThread "DestroyJavaVM" [_thread_blocked, id=1288, stack(0x0000000002a40000,0x0000000002b40000)]
=>0x000000000e07f000 JavaThread "AWT-EventQueue-0" [_thread_in_native, id=4300, stack(0x000000000ebb0000,0x000000000ecb0000)]
  0x000000000dfd7000 JavaThread "AWT-Windows" daemon [_thread_in_native, id=6592, stack(0x000000000ed40000,0x000000000ee40000)]
  0x000000000dfd4000 JavaThread "AWT-Shutdown" [_thread_blocked, id=4220, stack(0x000000000ea80000,0x000000000eb80000)]
  0x000000000dfd3800 JavaThread "Java2D Disposer" daemon [_thread_blocked, id=6924, stack(0x000000000e920000,0x000000000ea20000)]
  0x000000000de8d800 JavaThread "Service Thread" daemon [_thread_blocked, id=6464, stack(0x000000000e6a0000,0x000000000e7a0000)]
  0x000000000de88800 JavaThread "C2 CompilerThread1" daemon [_thread_blocked, id=7096, stack(0x000000000e590000,0x000000000e690000)]
  0x000000000de7d800 JavaThread "C2 CompilerThread0" daemon [_thread_blocked, id=5416, stack(0x000000000e260000,0x000000000e360000)]
  0x000000000de7c800 JavaThread "Attach Listener" daemon [_thread_blocked, id=8176, stack(0x000000000e380000,0x000000000e480000)]
  0x000000000de7b800 JavaThread "Signal Dispatcher" daemon [_thread_blocked, id=7884, stack(0x000000000daa0000,0x000000000dba0000)]
  0x000000000bea9800 JavaThread "Finalizer" daemon [_thread_blocked, id=6968, stack(0x000000000dd30000,0x000000000de30000)]
  0x000000000bea1000 JavaThread "Reference Handler" daemon [_thread_blocked, id=7796, stack(0x000000000dbd0000,0x000000000dcd0000)]

Other Threads:
  0x000000000be95800 VMThread [stack: 0x000000000d960000,0x000000000da60000] [id=7536]
  0x000000000dea8800 WatcherThread [stack: 0x000000000e800000,0x000000000e900000] [id=4116]

VM state:not at safepoint (normal execution)

VM Mutex/Monitor currently owned by a thread: None

Heap
 PSYoungGen      total 36224K, used 22452K [0x00000000d7960000, 0x00000000da1c0000, 0x0000000000000000)
  eden space 31104K, 72% used [0x00000000d7960000,0x00000000d8f4d118,0x00000000d97c0000)
  from space 5120K, 0% used [0x00000000d9cc0000,0x00000000d9cc0000,0x00000000da1c0000)
  to   space 5120K, 0% used [0x00000000d97c0000,0x00000000d97c0000,0x00000000d9cc0000)
 ParOldGen       total 82816K, used 0K [0x0000000086c00000, 0x000000008bce0000, 0x00000000d7960000)
  object space 82816K, 0% used [0x0000000086c00000,0x0000000086c00000,0x000000008bce0000)
 PSPermGen       total 21248K, used 8625K [0x0000000081a00000, 0x0000000082ec0000, 0x0000000086c00000)
  object space 21248K, 40% used [0x0000000081a00000,0x000000008226c4f8,0x0000000082ec0000)

Code Cache  [0x0000000002b40000, 0x0000000002db0000, 0x0000000005b40000)
 total_blobs=419 nmethods=38 adapters=332 free_code_cache=48617Kb largest_free_block=49767808

Compilation events (10 events):
Event: 2444.616 Thread 0x000000000de88800   33             java.util.HashMap::put (126 bytes)
Event: 2444.622 Thread 0x000000000de88800 nmethod 33 0x0000000002bc7690 code [0x0000000002bc7820, 0x0000000002bc7d48]
Event: 2483.434 Thread 0x000000000de7d800   34             java.util.HashMap::transfer (83 bytes)
Event: 2483.437 Thread 0x000000000de7d800 nmethod 34 0x0000000002bc70d0 code [0x0000000002bc7220, 0x0000000002bc7418]
Event: 2483.450 Thread 0x000000000de88800   35             java.lang.String::compareTo (9 bytes)
Event: 2483.450 Thread 0x000000000de7d800   36             java.util.HashMap::get (79 bytes)
Event: 2483.450 Thread 0x000000000de88800 nmethod 35 0x0000000002bc8190 code [0x0000000002bc82e0, 0x0000000002bc8458]
Event: 2483.453 Thread 0x000000000de7d800 nmethod 36 0x0000000002bc4250 code [0x0000000002bc43c0, 0x0000000002bc4688]
Event: 2485.952 Thread 0x000000000de88800   37             java.util.HashMap$HashIterator::hasNext (13 bytes)
Event: 2485.952 Thread 0x000000000de88800 nmethod 37 0x0000000002bc1d10 code [0x0000000002bc1e40, 0x0000000002bc1e98]

GC Heap History (0 events):
No events

Deoptimization events (1 events):
Event: 0.772 Thread 0x000000000274d800 Uncommon trap -122 fr.pc 0x0000000002bba360

Internal exceptions (10 events):
Event: 0.756 Thread 0x000000000e07f000 Threw 0x00000000d7d868f8 at C:\jdk7u2_64p\jdk7u4\hotspot\src\share\vm\prims\jni.cpp:715
Event: 0.756 Thread 0x000000000e07f000 Threw 0x00000000d7d87748 at C:\jdk7u2_64p\jdk7u4\hotspot\src\share\vm\prims\jni.cpp:715
Event: 0.758 Thread 0x000000000e07f000 Threw 0x00000000d7d911e8 at C:\jdk7u2_64p\jdk7u4\hotspot\src\share\vm\prims\jni.cpp:715
Event: 0.758 Thread 0x000000000e07f000 Threw 0x00000000d7d97ea8 at C:\jdk7u2_64p\jdk7u4\hotspot\src\share\vm\prims\jni.cpp:715
Event: 0.761 Thread 0x000000000e07f000 Threw 0x00000000d7db23c8 at C:\jdk7u2_64p\jdk7u4\hotspot\src\share\vm\prims\jni.cpp:715
Event: 0.762 Thread 0x000000000e07f000 Threw 0x00000000d7dbd440 at C:\jdk7u2_64p\jdk7u4\hotspot\src\share\vm\prims\jni.cpp:715
Event: 0.763 Thread 0x000000000e07f000 Threw 0x00000000d7dc0ac8 at C:\jdk7u2_64p\jdk7u4\hotspot\src\share\vm\prims\jni.cpp:715
Event: 0.763 Thread 0x000000000e07f000 Threw 0x00000000d7dc1918 at C:\jdk7u2_64p\jdk7u4\hotspot\src\share\vm\prims\jni.cpp:715
Event: 0.763 Thread 0x000000000e07f000 Threw 0x00000000d7dc2768 at C:\jdk7u2_64p\jdk7u4\hotspot\src\share\vm\prims\jni.cpp:715
Event: 0.766 Thread 0x000000000e07f000 Threw 0x00000000d7dd7e80 at C:\jdk7u2_64p\jdk7u4\hotspot\src\share\vm\prims\jni.cpp:715

Events (10 events):
Event: 1517.571 loading class 0x000000000bed5480
Event: 1517.571 loading class 0x000000000bed5500
Event: 1517.571 loading class 0x000000000bed5500 done
Event: 1517.571 loading class 0x000000000bed5480 done
Event: 1517.574 loading class 0x000000000e00caf0
Event: 1517.574 loading class 0x000000000e00caf0 done
Event: 1517.576 loading class 0x000000000dee67e0
Event: 1517.614 loading class 0x000000000dee67e0 done
Event: 1517.616 loading class 0x000000000df11e30
Event: 1517.616 loading class 0x000000000df11e30 done


Dynamic libraries:
0x000000003f900000 - 0x000000003f934000 	C:\Program Files\Java\jre7\bin\javaw.exe
0x0000000076f00000 - 0x00000000770a9000 	C:\windows\SYSTEM32\ntdll.dll
0x0000000076ad0000 - 0x0000000076bef000 	C:\windows\system32\kernel32.dll
0x00000000fd5c0000 - 0x00000000fd62b000 	C:\windows\system32\KERNELBASE.dll
0x00000000ff070000 - 0x00000000ff14b000 	C:\windows\system32\ADVAPI32.dll
0x00000000ff150000 - 0x00000000ff1ef000 	C:\windows\system32\msvcrt.dll
0x00000000ff1f0000 - 0x00000000ff20f000 	C:\windows\SYSTEM32\sechost.dll
0x00000000fe9b0000 - 0x00000000feadd000 	C:\windows\system32\RPCRT4.dll
0x0000000076bf0000 - 0x0000000076cea000 	C:\windows\system32\USER32.dll
0x00000000fd740000 - 0x00000000fd7a7000 	C:\windows\system32\GDI32.dll
0x00000000fd730000 - 0x00000000fd73e000 	C:\windows\system32\LPK.dll
0x00000000fe8e0000 - 0x00000000fe9a9000 	C:\windows\system32\USP10.dll
0x00000000fbf50000 - 0x00000000fc144000 	C:\windows\WinSxS\amd64_microsoft.windows.common-controls_6595b64144ccf1df_6.0.7601.17514_none_fa396087175ac9ac\COMCTL32.dll
0x00000000fd8a0000 - 0x00000000fd911000 	C:\windows\system32\SHLWAPI.dll
0x00000000fed10000 - 0x00000000fed3e000 	C:\windows\system32\IMM32.DLL
0x00000000fe730000 - 0x00000000fe839000 	C:\windows\system32\MSCTF.dll
0x00000000fd310000 - 0x00000000fd354000 	C:\windows\system32\nvinitx.dll
0x000000000f000000 - 0x000000000f006000 	C:\Program Files\NVIDIA Corporation\CoProcManager\_etoured.dll
0x00000000f9f70000 - 0x00000000f9fb5000 	C:\Program Files\NVIDIA Corporation\CoProcManager\nvd3d9wrapx.dll
0x00000000fee30000 - 0x00000000ff007000 	C:\windows\system32\SETUPAPI.dll
0x00000000fd410000 - 0x00000000fd446000 	C:\windows\system32\CFGMGR32.dll
0x00000000fed50000 - 0x00000000fee27000 	C:\windows\system32\OLEAUT32.dll
0x00000000feae0000 - 0x00000000fece3000 	C:\windows\system32\ole32.dll
0x00000000fd6d0000 - 0x00000000fd6ea000 	C:\windows\system32\DEVOBJ.dll
0x00000000f9f00000 - 0x00000000f9f37000 	C:\Program Files\NVIDIA Corporation\CoProcManager\nvdxgiwrapx.dll
0x0000000073f30000 - 0x0000000074001000 	C:\Program Files\Java\jre7\bin\msvcr100.dll
0x0000000051d30000 - 0x000000005244a000 	C:\Program Files\Java\jre7\bin\server\jvm.dll
0x00000000f46b0000 - 0x00000000f46b9000 	C:\windows\system32\WSOCK32.dll
0x00000000fd7b0000 - 0x00000000fd7fd000 	C:\windows\system32\WS2_32.dll
0x00000000fed40000 - 0x00000000fed48000 	C:\windows\system32\NSI.dll
0x00000000fb790000 - 0x00000000fb7cb000 	C:\windows\system32\WINMM.dll
0x00000000770c0000 - 0x00000000770c7000 	C:\windows\system32\PSAPI.DLL
0x00000000740e0000 - 0x00000000740ef000 	C:\Program Files\Java\jre7\bin\verify.dll
0x00000000740b0000 - 0x00000000740d8000 	C:\Program Files\Java\jre7\bin\java.dll
0x0000000074090000 - 0x00000000740a5000 	C:\Program Files\Java\jre7\bin\zip.dll
0x000000006ad70000 - 0x000000006af04000 	C:\Program Files\Java\jre7\bin\awt.dll
0x00000000fb9d0000 - 0x00000000fb9e8000 	C:\windows\system32\DWMAPI.DLL
0x00000000fb430000 - 0x00000000fb486000 	C:\windows\system32\uxtheme.dll
0x00000000fd200000 - 0x00000000fd20f000 	C:\windows\system32\CRYPTBASE.dll
0x00000000fd920000 - 0x00000000fe6a8000 	C:\windows\system32\SHELL32.dll
0x0000000074070000 - 0x0000000074089000 	C:\Program Files\Java\jre7\bin\net.dll
0x00000000fcb40000 - 0x00000000fcb95000 	C:\windows\system32\mswsock.dll
0x00000000fcb30000 - 0x00000000fcb37000 	C:\windows\System32\wship6.dll
0x0000000074050000 - 0x0000000074061000 	C:\Program Files\Java\jre7\bin\nio.dll
0x000000006b870000 - 0x000000006b8a4000 	C:\Program Files\Java\jre7\bin\fontmanager.dll
0x000000005fd70000 - 0x000000005fdb1000 	C:\Program Files\Java\jre7\bin\t2k.dll
0x00000000f3e50000 - 0x00000000f3f75000 	C:\windows\system32\dbghelp.dll

VM Arguments:
jvm_args: -Dfile.encoding=Cp1252 
java_command: MenuFrame
Launcher Type: SUN_STANDARD

Environment Variables:
CLASSPATH=.;C:\Program Files (x86)\Java\jre7\lib\ext\QTJava.zip
PATH=C:\Program Files (x86)\Chez Scheme Version 8.4\bin\i3nt;C:\windows\system32;C:\windows;C:\windows\System32\Wbem;C:\windows\System32\WindowsPowerShell\v1.0\;C:\Program Files\VanDyke Software\Clients\;C:\Program Files\MATLAB\R2012a\runtime\win64;C:\Program Files\MATLAB\R2012a\bin;C:\Program Files (x86)\Microsoft SQL Server\100\Tools\Binn\;C:\Program Files (x86)\Microsoft SQL Server\100\DTS\Binn\;C:\MinGW\bin;C:\Program Files\TortoiseSVN\bin;C:\Program Files (x86)\Intel\OpenCL SDK\2.0\bin\x86;C:\Program Files (x86)\Intel\OpenCL SDK\2.0\bin\x64;C:\Program Files (x86)\Common Files\Ulead Systems\MPEG;C:\Program Files (x86)\QuickTime\QTSystem\;C:\Program Files (x86)\Common Files\Adobe\AGL;C:\Program Files\Microsoft\Web Platform Installer\;C:\Program Files (x86)\Microsoft ASP.NET\ASP.NET Web Pages\v1.0\;C:\Program Files (x86)\Windows Kits\8.0\Windows Performance Toolkit\;C:\Program Files\Microsoft SQL Server\110\Tools\Binn\;C:\Users\finkac\AppData\Local\Google\Chrome\Application;C:\Program Files (x86)\Chez Scheme Version 8.4\bin\i3nt;C:\windows\system32;C:\windows;C:\windows\System32\Wbem;C:\windows\System32\WindowsPowerShell\v1.0\;C:\Program Files\VanDyke Software\Clients\;C:\Program Files\MATLAB\R2012a\runtime\win64;C:\Program Files\MATLAB\R2012a\bin;C:\Program Files (x86)\Microsoft SQL Server\100\Tools\Binn\;C:\Program Files (x86)\Microsoft SQL Server\100\DTS\Binn\;C:\MinGW\bin;C:\Program Files\TortoiseSVN\bin;C:\Program Files (x86)\Intel\OpenCL SDK\2.0\bin\x86;C:\Program Files (x86)\Intel\OpenCL SDK\2.0\bin\x64;C:\Program Files (x86)\Common Files\Ulead Systems\MPEG;C:\Program Files (x86)\QuickTime\QTSystem\;C:\Program Files (x86)\Common Files\Adobe\AGL;C:\Program Files\Microsoft\Web Platform Installer\;C:\Program Files (x86)\Microsoft ASP.NET\ASP.NET Web Pages\v1.0\;C:\Program Files (x86)\Windows Kits\8.0\Windows Performance Toolkit\;C:\Program Files\Microsoft SQL Server\110\Tools\Binn\;C:\Users\finkac\AppData\Local\Programs\Git\cmd
USERNAME=finkac
OS=Windows_NT
PROCESSOR_IDENTIFIER=Intel64 Family 6 Model 58 Stepping 9, GenuineIntel



---------------  S Y S T E M  ---------------

OS: Windows 7 , 64 bit Build 7601 Service Pack 1

CPU:total 8 (4 cores per cpu, 2 threads per core) family 6 model 58 stepping 9, cmov, cx8, fxsr, mmx, sse, sse2, sse3, ssse3, sse4.1, sse4.2, popcnt, avx, ht, tsc, tscinvbit, tscinv

Memory: 4k page, physical 7945004k(4189816k free), swap 15888148k(10748336k free)

vm_info: Java HotSpot(TM) 64-Bit Server VM (23.0-b21) for windows-amd64 JRE (1.7.0_04-b22), built on May  2 2012 23:28:26 by "java_re" with unknown MS VC++:1600

time: Wed May 15 16:52:34 2013
elapsed time: 3721 seconds

